<?xml version="1.0" encoding="UTF-8"?>
<testng-results ignored="0" total="2" passed="2" failed="0" skipped="0">
  <reporter-output>
  </reporter-output>
  <suite started-at="2024-09-13T17:25:25 IST" name="Default suite" finished-at="2024-09-13T17:25:32 IST" duration-ms="6368">
    <groups>
      <group name="cucumber">
        <method signature="AbstractTestNGCucumberTests.runScenario(io.cucumber.testng.PickleWrapper,io.cucumber.testng.FeatureWrapper)[pri:0, instance:testRunner.TestRunner@3b6ddd1d]" name="runScenario" class="io.cucumber.testng.AbstractTestNGCucumberTests"/>
      </group> <!-- cucumber -->
    </groups>
    <test started-at="2024-09-13T17:25:25 IST" name="Default test" finished-at="2024-09-13T17:25:32 IST" duration-ms="6368">
      <class name="testRunner.TestRunner">
        <test-method is-config="true" signature="setUpClass(org.testng.ITestContext)[pri:0, instance:testRunner.TestRunner@3b6ddd1d]" started-at="2024-09-13T17:25:25 IST" name="setUpClass" finished-at="2024-09-13T17:25:26 IST" duration-ms="535" status="PASS">
          <params>
            <param index="0">
              <value>
                <![CDATA[org.testng.TestRunner@20b9d5d5]]>
              </value>
            </param>
          </params>
          <reporter-output>
          </reporter-output>
        </test-method> <!-- setUpClass -->
        <test-method signature="runScenario(io.cucumber.testng.PickleWrapper,io.cucumber.testng.FeatureWrapper)[pri:0, instance:testRunner.TestRunner@3b6ddd1d]" started-at="2024-09-13T17:25:26 IST" name="runScenario" description="Runs Cucumber Scenarios" data-provider="scenarios" finished-at="2024-09-13T17:25:31 IST" duration-ms="5110" status="PASS">
          <params>
            <param index="0">
              <value>
                <![CDATA["Add a user and validate the user has been added to the table"]]>
              </value>
            </param>
            <param index="1">
              <value>
                <![CDATA["Webtables Automation"]]>
              </value>
            </param>
          </params>
          <reporter-output>
          </reporter-output>
        </test-method> <!-- runScenario -->
        <test-method signature="runScenario(io.cucumber.testng.PickleWrapper,io.cucumber.testng.FeatureWrapper)[pri:0, instance:testRunner.TestRunner@3b6ddd1d]" started-at="2024-09-13T17:25:31 IST" name="runScenario" description="Runs Cucumber Scenarios" data-provider="scenarios" finished-at="2024-09-13T17:25:32 IST" duration-ms="639" status="PASS">
          <params>
            <param index="0">
              <value>
                <![CDATA["Delete the user "Novak" from the table and validate the user has been deleted."]]>
              </value>
            </param>
            <param index="1">
              <value>
                <![CDATA["Webtables Automation"]]>
              </value>
            </param>
          </params>
          <reporter-output>
          </reporter-output>
        </test-method> <!-- runScenario -->
        <test-method is-config="true" signature="tearDownClass()[pri:0, instance:testRunner.TestRunner@3b6ddd1d]" started-at="2024-09-13T17:25:32 IST" name="tearDownClass" finished-at="2024-09-13T17:25:32 IST" duration-ms="47" status="PASS">
          <reporter-output>
          </reporter-output>
        </test-method> <!-- tearDownClass -->
      </class> <!-- testRunner.TestRunner -->
    </test> <!-- Default test -->
  </suite> <!-- Default suite -->
</testng-results>
